<?xml version="1.0" encoding="UTF-8"?>
<!-- Generated by org.testng.reporters.JUnitReportReporter -->
<testsuite hostname="Cyperpunk2077" failures="0" tests="2" name="com.lex.LexTest" time="0.015" errors="0" timestamp="2020-06-16T18:39:19 IST" skipped="1">
  <testcase classname="com.lex.LexTest" name="login" time="0.015"/>
  <system-out/>
  <testcase classname="com.lex.LexTest" name="setUp">
    <skipped/>
  </testcase> <!-- setUp -->
  <system-out/>
</testsuite> <!-- com.lex.LexTest -->
