<?xml version="1.0" encoding="UTF-8"?>
<!-- Generated by org.testng.reporters.JUnitReportReporter -->
<testsuite hostname="Cyperpunk2077" failures="0" tests="1" name="com.lex.SoftAssert" time="0.016" errors="0" timestamp="2020-06-17T12:10:10 IST" skipped="0">
  <testcase classname="com.lex.SoftAssert" name="testing" time="0.016"/>
  <system-out/>
</testsuite> <!-- com.lex.SoftAssert -->
